{"type":"server-started","port":64941,"host":"127.0.0.1","url_host":"localhost","url":"http://localhost:64941","screen_dir":"/Users/nadavyigal/Documents/Projects /ResumeBuilder/new-ResumeBuilder-ai-/.superpowers/brainstorm/75830-1780838947/content","state_dir":"/Users/nadavyigal/Documents/Projects /ResumeBuilder/new-ResumeBuilder-ai-/.superpowers/brainstorm/75830-1780838947/state"}
{"type":"screen-added","file":"/Users/nadavyigal/Documents/Projects /ResumeBuilder/new-ResumeBuilder-ai-/.superpowers/brainstorm/75830-1780838947/content/pricing-model-shape.html"}
{"type":"screen-updated","file":"/Users/nadavyigal/Documents/Projects /ResumeBuilder/new-ResumeBuilder-ai-/.superpowers/brainstorm/75830-1780838947/content/pricing-model-shape.html"}
{"type":"screen-updated","file":"/Users/nadavyigal/Documents/Projects /ResumeBuilder/new-ResumeBuilder-ai-/.superpowers/brainstorm/75830-1780838947/content/pricing-model-shape.html"}
{"type":"screen-updated","file":"/Users/nadavyigal/Documents/Projects /ResumeBuilder/new-ResumeBuilder-ai-/.superpowers/brainstorm/75830-1780838947/content/pricing-model-shape.html"}
{"type":"screen-updated","file":"/Users/nadavyigal/Documents/Projects /ResumeBuilder/new-ResumeBuilder-ai-/.superpowers/brainstorm/75830-1780838947/content/pricing-model-shape.html"}
{"source":"user-event","type":"click","text":"A\n    \n      Freemium — Free preview, pay to export\n      Anyone can upload a resume, paste a job description, and see the tailored result. Exporting the PDF or copying the full text requires a paid unlock.\n      \n      \n        Works becauseUser sees value before paying — highest activationFast first session (no card required)Free tier drives ASO reviews + word of mouthIndustry pattern for resume tools (Resume.io, Zety)\n        RisksScreenshot workaround kills conversionHard to upsell beyond one exportLow LTV if user leaves after one job","choice":"a","id":null,"timestamp":1780839102284}
{"type":"screen-added","file":"/Users/nadavyigal/Documents/Projects /ResumeBuilder/new-ResumeBuilder-ai-/.superpowers/brainstorm/75830-1780838947/content/paywall-placement.html"}
{"type":"screen-updated","file":"/Users/nadavyigal/Documents/Projects /ResumeBuilder/new-ResumeBuilder-ai-/.superpowers/brainstorm/75830-1780838947/content/paywall-placement.html"}
{"type":"screen-updated","file":"/Users/nadavyigal/Documents/Projects /ResumeBuilder/new-ResumeBuilder-ai-/.superpowers/brainstorm/75830-1780838947/content/paywall-placement.html"}
{"type":"screen-updated","file":"/Users/nadavyigal/Documents/Projects /ResumeBuilder/new-ResumeBuilder-ai-/.superpowers/brainstorm/75830-1780838947/content/paywall-placement.html"}
{"type":"screen-updated","file":"/Users/nadavyigal/Documents/Projects /ResumeBuilder/new-ResumeBuilder-ai-/.superpowers/brainstorm/75830-1780838947/content/paywall-placement.html"}
{"type":"screen-added","file":"/Users/nadavyigal/Documents/Projects /ResumeBuilder/new-ResumeBuilder-ai-/.superpowers/brainstorm/75830-1780838947/content/purchase-mechanic.html"}
{"type":"screen-updated","file":"/Users/nadavyigal/Documents/Projects /ResumeBuilder/new-ResumeBuilder-ai-/.superpowers/brainstorm/75830-1780838947/content/purchase-mechanic.html"}
{"type":"screen-updated","file":"/Users/nadavyigal/Documents/Projects /ResumeBuilder/new-ResumeBuilder-ai-/.superpowers/brainstorm/75830-1780838947/content/purchase-mechanic.html"}
{"type":"screen-updated","file":"/Users/nadavyigal/Documents/Projects /ResumeBuilder/new-ResumeBuilder-ai-/.superpowers/brainstorm/75830-1780838947/content/purchase-mechanic.html"}
{"type":"screen-updated","file":"/Users/nadavyigal/Documents/Projects /ResumeBuilder/new-ResumeBuilder-ai-/.superpowers/brainstorm/75830-1780838947/content/purchase-mechanic.html"}
{"type":"screen-added","file":"/Users/nadavyigal/Documents/Projects /ResumeBuilder/new-ResumeBuilder-ai-/.superpowers/brainstorm/75830-1780838947/content/pricing-tiers.html"}
{"type":"screen-updated","file":"/Users/nadavyigal/Documents/Projects /ResumeBuilder/new-ResumeBuilder-ai-/.superpowers/brainstorm/75830-1780838947/content/pricing-tiers.html"}
{"type":"screen-updated","file":"/Users/nadavyigal/Documents/Projects /ResumeBuilder/new-ResumeBuilder-ai-/.superpowers/brainstorm/75830-1780838947/content/pricing-tiers.html"}
{"type":"screen-updated","file":"/Users/nadavyigal/Documents/Projects /ResumeBuilder/new-ResumeBuilder-ai-/.superpowers/brainstorm/75830-1780838947/content/pricing-tiers.html"}
{"type":"screen-updated","file":"/Users/nadavyigal/Documents/Projects /ResumeBuilder/new-ResumeBuilder-ai-/.superpowers/brainstorm/75830-1780838947/content/pricing-tiers.html"}
{"type":"screen-added","file":"/Users/nadavyigal/Documents/Projects /ResumeBuilder/new-ResumeBuilder-ai-/.superpowers/brainstorm/75830-1780838947/content/growth-first-channel.html"}
{"type":"screen-updated","file":"/Users/nadavyigal/Documents/Projects /ResumeBuilder/new-ResumeBuilder-ai-/.superpowers/brainstorm/75830-1780838947/content/growth-first-channel.html"}
{"type":"screen-updated","file":"/Users/nadavyigal/Documents/Projects /ResumeBuilder/new-ResumeBuilder-ai-/.superpowers/brainstorm/75830-1780838947/content/growth-first-channel.html"}
{"type":"screen-updated","file":"/Users/nadavyigal/Documents/Projects /ResumeBuilder/new-ResumeBuilder-ai-/.superpowers/brainstorm/75830-1780838947/content/growth-first-channel.html"}
{"type":"screen-updated","file":"/Users/nadavyigal/Documents/Projects /ResumeBuilder/new-ResumeBuilder-ai-/.superpowers/brainstorm/75830-1780838947/content/growth-first-channel.html"}
{"type":"screen-added","file":"/Users/nadavyigal/Documents/Projects /ResumeBuilder/new-ResumeBuilder-ai-/.superpowers/brainstorm/75830-1780838947/content/retention-hook.html"}
{"type":"screen-updated","file":"/Users/nadavyigal/Documents/Projects /ResumeBuilder/new-ResumeBuilder-ai-/.superpowers/brainstorm/75830-1780838947/content/retention-hook.html"}
{"type":"screen-updated","file":"/Users/nadavyigal/Documents/Projects /ResumeBuilder/new-ResumeBuilder-ai-/.superpowers/brainstorm/75830-1780838947/content/retention-hook.html"}
{"type":"screen-updated","file":"/Users/nadavyigal/Documents/Projects /ResumeBuilder/new-ResumeBuilder-ai-/.superpowers/brainstorm/75830-1780838947/content/retention-hook.html"}
{"type":"screen-updated","file":"/Users/nadavyigal/Documents/Projects /ResumeBuilder/new-ResumeBuilder-ai-/.superpowers/brainstorm/75830-1780838947/content/retention-hook.html"}
{"type":"screen-added","file":"/Users/nadavyigal/Documents/Projects /ResumeBuilder/new-ResumeBuilder-ai-/.superpowers/brainstorm/75830-1780838947/content/strategy-approaches.html"}
{"type":"screen-updated","file":"/Users/nadavyigal/Documents/Projects /ResumeBuilder/new-ResumeBuilder-ai-/.superpowers/brainstorm/75830-1780838947/content/strategy-approaches.html"}
{"type":"screen-updated","file":"/Users/nadavyigal/Documents/Projects /ResumeBuilder/new-ResumeBuilder-ai-/.superpowers/brainstorm/75830-1780838947/content/strategy-approaches.html"}
{"type":"screen-updated","file":"/Users/nadavyigal/Documents/Projects /ResumeBuilder/new-ResumeBuilder-ai-/.superpowers/brainstorm/75830-1780838947/content/strategy-approaches.html"}
{"type":"screen-updated","file":"/Users/nadavyigal/Documents/Projects /ResumeBuilder/new-ResumeBuilder-ai-/.superpowers/brainstorm/75830-1780838947/content/strategy-approaches.html"}
{"type":"screen-added","file":"/Users/nadavyigal/Documents/Projects /ResumeBuilder/new-ResumeBuilder-ai-/.superpowers/brainstorm/75830-1780838947/content/full-design.html"}
{"type":"screen-updated","file":"/Users/nadavyigal/Documents/Projects /ResumeBuilder/new-ResumeBuilder-ai-/.superpowers/brainstorm/75830-1780838947/content/full-design.html"}
{"type":"screen-updated","file":"/Users/nadavyigal/Documents/Projects /ResumeBuilder/new-ResumeBuilder-ai-/.superpowers/brainstorm/75830-1780838947/content/full-design.html"}
{"type":"screen-updated","file":"/Users/nadavyigal/Documents/Projects /ResumeBuilder/new-ResumeBuilder-ai-/.superpowers/brainstorm/75830-1780838947/content/full-design.html"}
{"type":"screen-updated","file":"/Users/nadavyigal/Documents/Projects /ResumeBuilder/new-ResumeBuilder-ai-/.superpowers/brainstorm/75830-1780838947/content/full-design.html"}
{"type":"screen-added","file":"/Users/nadavyigal/Documents/Projects /ResumeBuilder/new-ResumeBuilder-ai-/.superpowers/brainstorm/75830-1780838947/content/waiting.html"}
{"type":"screen-updated","file":"/Users/nadavyigal/Documents/Projects /ResumeBuilder/new-ResumeBuilder-ai-/.superpowers/brainstorm/75830-1780838947/content/waiting.html"}
{"type":"screen-updated","file":"/Users/nadavyigal/Documents/Projects /ResumeBuilder/new-ResumeBuilder-ai-/.superpowers/brainstorm/75830-1780838947/content/waiting.html"}
{"type":"screen-updated","file":"/Users/nadavyigal/Documents/Projects /ResumeBuilder/new-ResumeBuilder-ai-/.superpowers/brainstorm/75830-1780838947/content/waiting.html"}
{"type":"screen-updated","file":"/Users/nadavyigal/Documents/Projects /ResumeBuilder/new-ResumeBuilder-ai-/.superpowers/brainstorm/75830-1780838947/content/waiting.html"}
{"type":"server-stopped","reason":"idle timeout"}
